<?xml version="1.0" encoding="UTF-8"?>
<robot generator="Robot 3.1.1 (Python 3.7.2 on win32)" generated="20190403 11:15:58.005" rpa="false">
<suite id="s1" name="TestSuite1" source="C:\Users\yerasisr\eclipse-workspace\RobotProject1\Test\TestSuite1.robot">
<kw name="Log" library="BuiltIn" type="setup">
<doc>Logs the given message with the given level.</doc>
<arguments>
<arg>Iam inside Test suite Setup</arg>
</arguments>
<msg timestamp="20190403 11:15:58.311" level="INFO">Iam inside Test suite Setup</msg>
<status status="PASS" starttime="20190403 11:15:58.311" endtime="20190403 11:15:58.311"></status>
</kw>
<test id="s1-t1" name="MyFirstTest">
<kw name="Log" library="BuiltIn" type="setup">
<doc>Logs the given message with the given level.</doc>
<arguments>
<arg>Iam inside Test Setup</arg>
</arguments>
<msg timestamp="20190403 11:15:58.312" level="INFO">Iam inside Test Setup</msg>
<status status="PASS" starttime="20190403 11:15:58.312" endtime="20190403 11:15:58.312"></status>
</kw>
<kw name="Log" library="BuiltIn">
<doc>Logs the given message with the given level.</doc>
<arguments>
<arg>Hello World...</arg>
</arguments>
<msg timestamp="20190403 11:15:58.313" level="INFO">Hello World...</msg>
<status status="PASS" starttime="20190403 11:15:58.313" endtime="20190403 11:15:58.313"></status>
</kw>
<kw name="Log" library="BuiltIn" type="teardown">
<doc>Logs the given message with the given level.</doc>
<arguments>
<arg>Iam inside Test Teardown</arg>
</arguments>
<msg timestamp="20190403 11:15:58.314" level="INFO">Iam inside Test Teardown</msg>
<status status="PASS" starttime="20190403 11:15:58.313" endtime="20190403 11:15:58.314"></status>
</kw>
<tags>
<tag>Smoke Test</tag>
</tags>
<status status="PASS" starttime="20190403 11:15:58.311" endtime="20190403 11:15:58.314" critical="yes"></status>
</test>
<test id="s1-t2" name="MySecondTest">
<kw name="Log" library="BuiltIn" type="setup">
<doc>Logs the given message with the given level.</doc>
<arguments>
<arg>Iam inside Test Setup</arg>
</arguments>
<msg timestamp="20190403 11:15:58.316" level="INFO">Iam inside Test Setup</msg>
<status status="PASS" starttime="20190403 11:15:58.316" endtime="20190403 11:15:58.316"></status>
</kw>
<kw name="Log" library="BuiltIn">
<doc>Logs the given message with the given level.</doc>
<arguments>
<arg>Iam in 2nd Test</arg>
</arguments>
<msg timestamp="20190403 11:15:58.317" level="INFO">Iam in 2nd Test</msg>
<status status="PASS" starttime="20190403 11:15:58.317" endtime="20190403 11:15:58.318"></status>
</kw>
<kw name="Set Tags" library="BuiltIn">
<doc>Adds given ``tags`` for the current test or all tests in a suite.</doc>
<arguments>
<arg>Regression1</arg>
</arguments>
<msg timestamp="20190403 11:15:58.318" level="INFO">Set tag 'Regression1'.</msg>
<status status="PASS" starttime="20190403 11:15:58.318" endtime="20190403 11:15:58.318"></status>
</kw>
<kw name="Remove Tags" library="BuiltIn">
<doc>Removes given ``tags`` from the current test or all tests in a suite.</doc>
<arguments>
<arg>Regression1</arg>
</arguments>
<msg timestamp="20190403 11:15:58.321" level="INFO">Removed tag 'Regression1'.</msg>
<status status="PASS" starttime="20190403 11:15:58.320" endtime="20190403 11:15:58.321"></status>
</kw>
<kw name="Log" library="BuiltIn" type="teardown">
<doc>Logs the given message with the given level.</doc>
<arguments>
<arg>Iam inside Test Teardown</arg>
</arguments>
<msg timestamp="20190403 11:15:58.321" level="INFO">Iam inside Test Teardown</msg>
<status status="PASS" starttime="20190403 11:15:58.321" endtime="20190403 11:15:58.322"></status>
</kw>
<tags>
<tag>Sanity Test</tag>
</tags>
<status status="PASS" starttime="20190403 11:15:58.315" endtime="20190403 11:15:58.322" critical="yes"></status>
</test>
<test id="s1-t3" name="MyThirdTest">
<kw name="Log" library="BuiltIn" type="setup">
<doc>Logs the given message with the given level.</doc>
<arguments>
<arg>Iam inside Test Setup</arg>
</arguments>
<msg timestamp="20190403 11:15:58.324" level="INFO">Iam inside Test Setup</msg>
<status status="PASS" starttime="20190403 11:15:58.324" endtime="20190403 11:15:58.324"></status>
</kw>
<kw name="Log" library="BuiltIn">
<doc>Logs the given message with the given level.</doc>
<arguments>
<arg>Iam in 3rd Test</arg>
</arguments>
<msg timestamp="20190403 11:15:58.325" level="INFO">Iam in 3rd Test</msg>
<status status="PASS" starttime="20190403 11:15:58.325" endtime="20190403 11:15:58.325"></status>
</kw>
<kw name="Log" library="BuiltIn" type="teardown">
<doc>Logs the given message with the given level.</doc>
<arguments>
<arg>Iam inside Test Teardown</arg>
</arguments>
<msg timestamp="20190403 11:15:58.326" level="INFO">Iam inside Test Teardown</msg>
<status status="PASS" starttime="20190403 11:15:58.326" endtime="20190403 11:15:58.326"></status>
</kw>
<tags>
<tag>Sanity Test</tag>
</tags>
<status status="PASS" starttime="20190403 11:15:58.323" endtime="20190403 11:15:58.326" critical="yes"></status>
</test>
<kw name="Log" library="BuiltIn" type="teardown">
<doc>Logs the given message with the given level.</doc>
<arguments>
<arg>Iam inside Test suite Teardown</arg>
</arguments>
<msg timestamp="20190403 11:15:58.328" level="INFO">Iam inside Test suite Teardown</msg>
<status status="PASS" starttime="20190403 11:15:58.328" endtime="20190403 11:15:58.328"></status>
</kw>
<status status="PASS" starttime="20190403 11:15:58.009" endtime="20190403 11:15:58.329"></status>
</suite>
<statistics>
<total>
<stat pass="3" fail="0">Critical Tests</stat>
<stat pass="3" fail="0">All Tests</stat>
</total>
<tag>
<stat pass="2" fail="0">Sanity Test</stat>
<stat pass="1" fail="0">Smoke Test</stat>
</tag>
<suite>
<stat pass="3" fail="0" id="s1" name="TestSuite1">TestSuite1</stat>
</suite>
</statistics>
<errors>
</errors>
</robot>
